  encr_algo.cpp
C:\Users\vxvx\source\repos\vx-vx\encro_cat\encro_cat\src\algo\encr_algo.cpp(11,13): warning C4267: "Initialisierung": Konvertierung von "size_t" nach "int", Datenverlust möglich
C:\Users\vxvx\source\repos\vx-vx\encro_cat\encro_cat\src\algo\encr_algo.cpp(17,37): warning C4267: "=": Konvertierung von "size_t" nach "char", Datenverlust möglich
  filesystem.cpp
C:\Users\vxvx\source\repos\vx-vx\encro_cat\encro_cat\src\filesystem.cpp(24,13): warning C4244: "return": Konvertierung von "double" in "float", möglicher Datenverlust
  injection.cpp
  lodepng.cpp
  main.cpp
C:\Users\vxvx\source\repos\vx-vx\encro_cat\encro_cat\src\hwid.h(67,13): warning C4101: "reg3": Unreferenzierte lokale Variable
C:\Users\vxvx\source\repos\vx-vx\encro_cat\encro_cat\src\hwid.h(66,13): warning C4101: "reg2": Unreferenzierte lokale Variable
C:\Users\vxvx\source\repos\vx-vx\encro_cat\encro_cat\src\main.cpp(333,12): warning C4244: "Argument": Konvertierung von "time_t" in "unsigned int", möglicher Datenverlust
C:\Users\vxvx\source\repos\vx-vx\encro_cat\encro_cat\src\main.cpp(343,19): warning C4267: "Initialisierung": Konvertierung von "size_t" nach "int", Datenverlust möglich
C:\Users\vxvx\source\repos\vx-vx\encro_cat\encro_cat\src\main.cpp(361,16): warning C4267: "Initialisierung": Konvertierung von "size_t" nach "int", Datenverlust möglich
C:\Users\vxvx\source\repos\vx-vx\encro_cat\encro_cat\src\main.cpp(495,19): warning C4267: "Initialisierung": Konvertierung von "size_t" nach "int", Datenverlust möglich
C:\Users\vxvx\source\repos\vx-vx\encro_cat\encro_cat\src\main.cpp(514,82): warning C4267: "Argument": Konvertierung von "size_t" nach "int", Datenverlust möglich
C:\Users\vxvx\source\repos\vx-vx\encro_cat\encro_cat\src\main.cpp(509,7): warning C4101: "len": Unreferenzierte lokale Variable
  Code wird generiert.
  Previous IPDB not found, fall back to full compilation.
C:\Users\vxvx\source\repos\vx-vx\encro_cat\encro_cat\src\main.cpp(577): warning C4715: "catRandomizer": Nicht alle Codepfade geben einen Wert zurück.
  All 1290 functions were compiled because no usable IPDB/IOBJ from previous compilation was found.
  Codegenerierung ist abgeschlossen.
  encro_cat.vcxproj -> C:\Users\vxvx\source\repos\vx-vx\encro_cat\encro_cat\BuildRelease\encro_cat.exe
